<?xml version="1.0" encoding="UTF-8"?>
<!-- Generated by org.testng.reporters.JUnitReportReporter -->
<testsuite hostname="Dreamrider" failures="0" tests="2" name="testScripts.SelectHotelPageTest" time="27.610" errors="0" timestamp="2024-03-17T09:04:16 IST" skipped="0">
  <testcase classname="testScripts.SelectHotelPageTest" name="verifyContinewButton" time="17.245"/>
  <system-out/>
  <testcase classname="testScripts.SelectHotelPageTest" name="verifyCancelButton" time="10.365"/>
  <system-out/>
</testsuite> <!-- testScripts.SelectHotelPageTest -->
