<?xml version="1.0" encoding="UTF-8"?>
<!-- Generated by org.testng.reporters.JUnitReportReporter -->
<testsuite hostname="Dreamrider" failures="0" tests="2" name="testScripts.LoginPageTest" time="23.126" errors="0" timestamp="2024-03-17T09:04:16 IST" skipped="0">
  <testcase classname="testScripts.LoginPageTest" name="verifyLoginbutton" time="14.382"/>
  <system-out/>
  <testcase classname="testScripts.LoginPageTest" name="verifyLogo" time="8.744"/>
  <system-out/>
</testsuite> <!-- testScripts.LoginPageTest -->
