<?xml version="1.0" encoding="UTF-8"?>
<!-- Generated by org.testng.reporters.JUnitReportReporter -->
<testsuite hostname="Dreamrider" failures="0" tests="2" name="testScripts.BookHotelPageTest" time="50.941" errors="0" timestamp="2024-03-17T09:04:16 IST" skipped="0">
  <testcase classname="testScripts.BookHotelPageTest" name="verifyBookNowButton" time="32.229"/>
  <system-out/>
  <testcase classname="testScripts.BookHotelPageTest" name="verifyCancelButton" time="18.712"/>
  <system-out/>
</testsuite> <!-- testScripts.BookHotelPageTest -->
