<?xml version="1.0" encoding="UTF-8"?>
<!-- Generated by org.testng.reporters.JUnitReportReporter -->
<testsuite hostname="Dreamrider" failures="0" tests="2" name="testScripts.SearchHotelPageTest" time="25.195" errors="0" timestamp="2024-03-17T09:04:16 IST" skipped="0">
  <testcase classname="testScripts.SearchHotelPageTest" name="verifyResetButton" time="8.738"/>
  <system-out/>
  <testcase classname="testScripts.SearchHotelPageTest" name="verifySearchButton" time="16.457"/>
  <system-out/>
</testsuite> <!-- testScripts.SearchHotelPageTest -->
