<?xml version="1.0" encoding="UTF-8"?>
<!-- Generated by org.testng.reporters.JUnitReportReporter -->
<testsuite hostname="Dreamrider" failures="0" tests="8" name="testScripts.TestClass1" time="0.021" errors="0" timestamp="2022-09-19T13:31:31 IST" skipped="0">
  <testcase classname="testScripts.TestClass1" name="test1" time="0.003"/>
  <system-out/>
  <testcase classname="testScripts.TestClass1" name="test1" time="0.004"/>
  <system-out/>
  <testcase classname="testScripts.TestClass1" name="test2" time="0.002"/>
  <system-out/>
  <testcase classname="testScripts.TestClass1" name="test2" time="0.003"/>
  <system-out/>
  <testcase classname="testScripts.TestClass1" name="test3" time="0.002"/>
  <system-out/>
  <testcase classname="testScripts.TestClass1" name="test3" time="0.001"/>
  <system-out/>
  <testcase classname="testScripts.TestClass1" name="test4" time="0.003"/>
  <system-out/>
  <testcase classname="testScripts.TestClass1" name="test4" time="0.003"/>
  <system-out/>
</testsuite> <!-- testScripts.TestClass1 -->
