<?xml version="1.0" encoding="UTF-8"?>
<!-- Generated by org.testng.reporters.JUnitReportReporter -->
<testsuite hostname="Dreamrider" failures="0" tests="2" name="testScripts.SelectHotelPageTest" time="39.719" errors="0" timestamp="2022-10-21T15:31:25 IST" skipped="0">
  <testcase classname="testScripts.SelectHotelPageTest" name="verifyContinewButton" time="30.662"/>
  <system-out/>
  <testcase classname="testScripts.SelectHotelPageTest" name="verifyCancelButton" time="9.057"/>
  <system-out/>
</testsuite> <!-- testScripts.SelectHotelPageTest -->
