<?xml version="1.0" encoding="UTF-8"?>
<!-- Generated by org.testng.reporters.JUnitReportReporter -->
<testsuite hostname="Dreamrider" failures="0" tests="8" name="testScripts.TestClass" time="0.032" errors="0" timestamp="2022-09-19T13:31:31 IST" skipped="0">
  <testcase classname="testScripts.TestClass" name="testD" time="0.002"/>
  <system-out/>
  <testcase classname="testScripts.TestClass" name="testD" time="0.010"/>
  <system-out/>
  <testcase classname="testScripts.TestClass" name="testA" time="0.003"/>
  <system-out/>
  <testcase classname="testScripts.TestClass" name="testA" time="0.003"/>
  <system-out/>
  <testcase classname="testScripts.TestClass" name="testB" time="0.005"/>
  <system-out/>
  <testcase classname="testScripts.TestClass" name="testB" time="0.005"/>
  <system-out/>
  <testcase classname="testScripts.TestClass" name="testC" time="0.001"/>
  <system-out/>
  <testcase classname="testScripts.TestClass" name="testC" time="0.003"/>
  <system-out/>
</testsuite> <!-- testScripts.TestClass -->
