<?xml version="1.0" encoding="UTF-8"?>
<!-- Generated by org.testng.reporters.JUnitReportReporter -->
<testsuite hostname="Dreamrider" failures="0" tests="1" name="testScripts.BookHotelPageTest" time="23.623" errors="0" timestamp="2022-10-21T16:42:43 IST" skipped="0">
  <testcase classname="testScripts.BookHotelPageTest" name="verifyBookNowButton" time="23.623"/>
  <system-out/>
</testsuite> <!-- testScripts.BookHotelPageTest -->
