<?xml version="1.0" encoding="UTF-8"?>
<!-- Generated by org.testng.reporters.JUnitReportReporter -->
<testsuite hostname="Dreamrider" failures="0" tests="2" name="testScripts.SearchHotelPageTest" time="31.331" errors="0" timestamp="2022-10-21T15:31:25 IST" skipped="0">
  <testcase classname="testScripts.SearchHotelPageTest" name="verifyResetButton" time="6.798"/>
  <system-out/>
  <testcase classname="testScripts.SearchHotelPageTest" name="verifySearchButton" time="24.533"/>
  <system-out/>
</testsuite> <!-- testScripts.SearchHotelPageTest -->
