<?xml version="1.0" encoding="UTF-8"?>
<!-- Generated by org.testng.reporters.JUnitReportReporter -->
<testsuite hostname="Dreamrider" failures="0" tests="2" name="testScripts.LoginPageTest" time="31.505" errors="0" timestamp="2022-10-21T15:31:25 IST" skipped="0">
  <testcase classname="testScripts.LoginPageTest" name="verifyLoginbutton" time="10.445"/>
  <system-out/>
  <testcase classname="testScripts.LoginPageTest" name="verifyLogo" time="21.060"/>
  <system-out/>
</testsuite> <!-- testScripts.LoginPageTest -->
